c:\users\systems\documents\projects\cs2_external\cs2_external\x64\release\vc143.pdb
c:\users\systems\documents\projects\cs2_external\cs2_external\x64\release\menu.obj
c:\users\systems\documents\projects\cs2_external\cs2_external\x64\release\memory.obj
c:\users\systems\documents\projects\cs2_external\cs2_external\x64\release\main.obj
c:\users\systems\documents\projects\cs2_external\cs2_external\x64\release\imgui_widgets.obj
c:\users\systems\documents\projects\cs2_external\cs2_external\x64\release\imgui_tables.obj
c:\users\systems\documents\projects\cs2_external\cs2_external\x64\release\imgui_impl_win32.obj
c:\users\systems\documents\projects\cs2_external\cs2_external\x64\release\imgui_impl_dx11.obj
c:\users\systems\documents\projects\cs2_external\cs2_external\x64\release\imgui_draw.obj
c:\users\systems\documents\projects\cs2_external\cs2_external\x64\release\imgui_demo.obj
c:\users\systems\documents\projects\cs2_external\cs2_external\x64\release\imgui.obj
c:\users\systems\documents\projects\cs2_external\cs2_external\x64\release\esp.obj
c:\users\systems\documents\projects\cs2_external\cs2_external\x64\release\aimbot.obj
c:\users\systems\documents\projects\cs2_external\cs2_external\x64\release\cs2_external.ipdb
c:\users\systems\documents\projects\cs2_external\cs2_external\x64\release\cs2_external.iobj
c:\users\systems\documents\projects\cs2_external\x64\release\cs2_external.pdb
c:\users\systems\documents\projects\cs2_external\cs2_external\x64\release\cs2_external.tlog\cl.command.1.tlog
c:\users\systems\documents\projects\cs2_external\cs2_external\x64\release\cs2_external.tlog\cl.items.tlog
c:\users\systems\documents\projects\cs2_external\cs2_external\x64\release\cs2_external.tlog\cl.read.1.tlog
c:\users\systems\documents\projects\cs2_external\cs2_external\x64\release\cs2_external.tlog\cl.write.1.tlog
c:\users\systems\documents\projects\cs2_external\cs2_external\x64\release\cs2_external.tlog\link.command.1.tlog
c:\users\systems\documents\projects\cs2_external\cs2_external\x64\release\cs2_external.tlog\link.read.1.tlog
c:\users\systems\documents\projects\cs2_external\cs2_external\x64\release\cs2_external.tlog\link.secondary.1.tlog
c:\users\systems\documents\projects\cs2_external\cs2_external\x64\release\cs2_external.tlog\link.write.1.tlog
